<?xml version="1.0" encoding="UTF-8"?>
<coverage generated="1631642664493" clover="3.2.0">
  <project timestamp="1631642664493" name="All files">
    <metrics statements="141" coveredstatements="133" conditionals="4" coveredconditionals="2" methods="45" coveredmethods="39" elements="190" coveredelements="174" complexity="0" loc="141" ncloc="141" packages="2" files="11" classes="11"/>
    <package name="given">
      <metrics statements="96" coveredstatements="96" conditionals="0" coveredconditionals="0" methods="29" coveredmethods="29"/>
      <file name="categories.ts" path="/home/bandreetto/clozee/clozee-api/test/given/categories.ts">
        <metrics statements="11" coveredstatements="11" conditionals="0" coveredconditionals="0" methods="5" coveredmethods="5"/>
        <line num="1" count="4" type="stmt"/>
        <line num="10" count="4" type="stmt"/>
        <line num="12" count="4" type="stmt"/>
        <line num="13" count="2" type="stmt"/>
        <line num="17" count="2" type="stmt"/>
        <line num="22" count="2" type="stmt"/>
        <line num="28" count="2" type="stmt"/>
        <line num="29" count="6" type="stmt"/>
        <line num="30" count="2" type="stmt"/>
        <line num="34" count="4" type="stmt"/>
        <line num="35" count="4" type="stmt"/>
      </file>
      <file name="cms.ts" path="/home/bandreetto/clozee/clozee-api/test/given/cms.ts">
        <metrics statements="25" coveredstatements="25" conditionals="0" coveredconditionals="0" methods="9" coveredmethods="9"/>
        <line num="1" count="4" type="stmt"/>
        <line num="3" count="4" type="stmt"/>
        <line num="7" count="4" type="stmt"/>
        <line num="10" count="4" type="stmt"/>
        <line num="12" count="4" type="stmt"/>
        <line num="19" count="4" type="stmt"/>
        <line num="26" count="2" type="stmt"/>
        <line num="27" count="2" type="stmt"/>
        <line num="28" count="2" type="stmt"/>
        <line num="29" count="2" type="stmt"/>
        <line num="32" count="6" type="stmt"/>
        <line num="70" count="6" type="stmt"/>
        <line num="108" count="6" type="stmt"/>
        <line num="146" count="2" type="stmt"/>
        <line num="160" count="2" type="stmt"/>
        <line num="171" count="2" type="stmt"/>
        <line num="182" count="2" type="stmt"/>
        <line num="194" count="2" type="stmt"/>
        <line num="198" count="1" type="stmt"/>
        <line num="199" count="3" type="stmt"/>
        <line num="207" count="1" type="stmt"/>
        <line num="210" count="4" type="stmt"/>
        <line num="224" count="3" type="stmt"/>
        <line num="228" count="1" type="stmt"/>
        <line num="230" count="4" type="stmt"/>
      </file>
      <file name="groups.ts" path="/home/bandreetto/clozee/clozee-api/test/given/groups.ts">
        <metrics statements="10" coveredstatements="10" conditionals="0" coveredconditionals="0" methods="3" coveredmethods="3"/>
        <line num="1" count="4" type="stmt"/>
        <line num="2" count="4" type="stmt"/>
        <line num="12" count="4" type="stmt"/>
        <line num="14" count="2" type="stmt"/>
        <line num="15" count="2" type="stmt"/>
        <line num="20" count="6" type="stmt"/>
        <line num="26" count="2" type="stmt"/>
        <line num="27" count="2" type="stmt"/>
        <line num="29" count="2" type="stmt"/>
        <line num="35" count="4" type="stmt"/>
      </file>
      <file name="index.ts" path="/home/bandreetto/clozee/clozee-api/test/given/index.ts">
        <metrics statements="26" coveredstatements="26" conditionals="0" coveredconditionals="0" methods="1" coveredmethods="1"/>
        <line num="1" count="4" type="stmt"/>
        <line num="2" count="4" type="stmt"/>
        <line num="4" count="4" type="stmt"/>
        <line num="5" count="4" type="stmt"/>
        <line num="6" count="4" type="stmt"/>
        <line num="7" count="4" type="stmt"/>
        <line num="8" count="4" type="stmt"/>
        <line num="10" count="4" type="stmt"/>
        <line num="11" count="4" type="stmt"/>
        <line num="12" count="4" type="stmt"/>
        <line num="13" count="4" type="stmt"/>
        <line num="14" count="4" type="stmt"/>
        <line num="24" count="4" type="stmt"/>
        <line num="25" count="4" type="stmt"/>
        <line num="26" count="4" type="stmt"/>
        <line num="28" count="4" type="stmt"/>
        <line num="29" count="4" type="stmt"/>
        <line num="30" count="4" type="stmt"/>
        <line num="32" count="4" type="stmt"/>
        <line num="33" count="4" type="stmt"/>
        <line num="35" count="4" type="stmt"/>
        <line num="36" count="4" type="stmt"/>
        <line num="38" count="4" type="stmt"/>
        <line num="39" count="4" type="stmt"/>
        <line num="40" count="4" type="stmt"/>
        <line num="42" count="4" type="stmt"/>
      </file>
      <file name="posts.ts" path="/home/bandreetto/clozee/clozee-api/test/given/posts.ts">
        <metrics statements="11" coveredstatements="11" conditionals="0" coveredconditionals="0" methods="4" coveredmethods="4"/>
        <line num="3" count="4" type="stmt"/>
        <line num="4" count="4" type="stmt"/>
        <line num="7" count="4" type="stmt"/>
        <line num="13" count="4" type="stmt"/>
        <line num="19" count="2" type="stmt"/>
        <line num="20" count="2" type="stmt"/>
        <line num="21" count="2" type="stmt"/>
        <line num="25" count="6" type="stmt"/>
        <line num="38" count="6" type="stmt"/>
        <line num="39" count="2" type="stmt"/>
        <line num="41" count="4" type="stmt"/>
      </file>
      <file name="users.ts" path="/home/bandreetto/clozee/clozee-api/test/given/users.ts">
        <metrics statements="13" coveredstatements="13" conditionals="0" coveredconditionals="0" methods="7" coveredmethods="7"/>
        <line num="2" count="4" type="stmt"/>
        <line num="3" count="4" type="stmt"/>
        <line num="4" count="4" type="stmt"/>
        <line num="14" count="4" type="stmt"/>
        <line num="16" count="3" type="stmt"/>
        <line num="18" count="3" type="stmt"/>
        <line num="22" count="3" type="stmt"/>
        <line num="24" count="9" type="stmt"/>
        <line num="42" count="9" type="stmt"/>
        <line num="44" count="3" type="stmt"/>
        <line num="48" count="3" type="stmt"/>
        <line num="50" count="9" type="stmt"/>
        <line num="53" count="4" type="stmt"/>
      </file>
    </package>
    <package name="mocks">
      <metrics statements="45" coveredstatements="37" conditionals="4" coveredconditionals="2" methods="16" coveredmethods="10"/>
      <file name="clock.service.ts" path="/home/bandreetto/clozee/clozee-api/test/mocks/clock.service.ts">
        <metrics statements="3" coveredstatements="3" conditionals="0" coveredconditionals="0" methods="2" coveredmethods="2"/>
        <line num="3" count="4" type="stmt"/>
        <line num="4" count="1" type="stmt"/>
        <line num="6" count="2" type="stmt"/>
      </file>
      <file name="http.service.ts" path="/home/bandreetto/clozee/clozee-api/test/mocks/http.service.ts">
        <metrics statements="33" coveredstatements="25" conditionals="4" coveredconditionals="2" methods="14" coveredmethods="8"/>
        <line num="1" count="4" type="stmt"/>
        <line num="3" count="4" type="stmt"/>
        <line num="4" count="4" type="stmt"/>
        <line num="5" count="4" type="stmt"/>
        <line num="8" count="24" type="stmt"/>
        <line num="11" count="4" type="stmt"/>
        <line num="12" count="4" type="stmt"/>
        <line num="21" count="4" type="stmt"/>
        <line num="23" count="4" type="stmt"/>
        <line num="30" count="0" type="stmt"/>
        <line num="34" count="9" type="stmt"/>
        <line num="35" count="9" type="stmt"/>
        <line num="38" count="7" type="stmt"/>
        <line num="39" count="7" type="stmt"/>
        <line num="40" count="7" type="cond" truecount="1" falsecount="1"/>
        <line num="41" count="0" type="stmt"/>
        <line num="43" count="7" type="stmt"/>
        <line num="44" count="7" type="stmt"/>
        <line num="45" count="7" type="stmt"/>
        <line num="50" count="0" type="stmt"/>
        <line num="53" count="0" type="stmt"/>
        <line num="57" count="4" type="stmt"/>
        <line num="58" count="4" type="stmt"/>
        <line num="61" count="4" type="stmt"/>
        <line num="62" count="4" type="stmt"/>
        <line num="63" count="4" type="cond" truecount="1" falsecount="1"/>
        <line num="64" count="0" type="stmt"/>
        <line num="66" count="4" type="stmt"/>
        <line num="67" count="4" type="stmt"/>
        <line num="68" count="4" type="stmt"/>
        <line num="73" count="0" type="stmt"/>
        <line num="76" count="0" type="stmt"/>
        <line num="79" count="0" type="stmt"/>
      </file>
      <file name="index.ts" path="/home/bandreetto/clozee/clozee-api/test/mocks/index.ts">
        <metrics statements="4" coveredstatements="4" conditionals="0" coveredconditionals="0" methods="0" coveredmethods="0"/>
        <line num="1" count="4" type="stmt"/>
        <line num="2" count="4" type="stmt"/>
        <line num="3" count="4" type="stmt"/>
        <line num="4" count="4" type="stmt"/>
      </file>
      <file name="trends.ts" path="/home/bandreetto/clozee/clozee-api/test/mocks/trends.ts">
        <metrics statements="2" coveredstatements="2" conditionals="0" coveredconditionals="0" methods="0" coveredmethods="0"/>
        <line num="1" count="4" type="stmt"/>
        <line num="4" count="4" type="stmt"/>
      </file>
      <file name="users.ts" path="/home/bandreetto/clozee/clozee-api/test/mocks/users.ts">
        <metrics statements="3" coveredstatements="3" conditionals="0" coveredconditionals="0" methods="0" coveredmethods="0"/>
        <line num="1" count="4" type="stmt"/>
        <line num="4" count="4" type="stmt"/>
        <line num="22" count="4" type="stmt"/>
      </file>
    </package>
  </project>
</coverage>
