{"/home/bandreetto/clozee/clozee-api/test/given/categories.ts": {"path":"/home/bandreetto/clozee/clozee-api/test/given/categories.ts","statementMap":{"0":{"start":{"line":1,"column":0},"end":{"line":1,"column":26}},"1":{"start":{"line":12,"column":4},"end":{"line":31,"column":6}},"2":{"start":{"line":13,"column":44},"end":{"line":16,"column":8}},"3":{"start":{"line":17,"column":39},"end":{"line":21,"column":8}},"4":{"start":{"line":22,"column":33},"end":{"line":26,"column":8}},"5":{"start":{"line":28,"column":25},"end":{"line":28,"column":104}},"6":{"start":{"line":29,"column":30},"end":{"line":29,"column":97}},"7":{"start":{"line":29,"column":50},"end":{"line":29,"column":62}},"8":{"start":{"line":29,"column":74},"end":{"line":29,"column":96}},"9":{"start":{"line":30,"column":6},"end":{"line":30,"column":29}},"10":{"start":{"line":34,"column":25},"end":{"line":34,"column":64}},"11":{"start":{"line":35,"column":2},"end":{"line":37,"column":4}},"12":{"start":{"line":10,"column":0},"end":{"line":10,"column":16}}},"fnMap":{"0":{"name":"givenCategoriesFactory","decl":{"start":{"line":10,"column":16},"end":{"line":10,"column":38}},"loc":{"start":{"line":10,"column":75},"end":{"line":38,"column":1}}},"1":{"name":"oneCategoryRegisteredFactory","decl":{"start":{"line":11,"column":11},"end":{"line":11,"column":39}},"loc":{"start":{"line":11,"column":81},"end":{"line":32,"column":3}}},"2":{"name":"(anonymous_3)","decl":{"start":{"line":12,"column":11},"end":{"line":12,"column":16}},"loc":{"start":{"line":12,"column":41},"end":{"line":31,"column":5}}},"3":{"name":"(anonymous_4)","decl":{"start":{"line":29,"column":45},"end":{"line":29,"column":46}},"loc":{"start":{"line":29,"column":50},"end":{"line":29,"column":62}}},"4":{"name":"(anonymous_5)","decl":{"start":{"line":29,"column":69},"end":{"line":29,"column":70}},"loc":{"start":{"line":29,"column":74},"end":{"line":29,"column":96}}}},"branchMap":{},"s":{"0":4,"1":4,"2":2,"3":2,"4":2,"5":2,"6":2,"7":6,"8":2,"9":2,"10":4,"11":4,"12":4},"f":{"0":4,"1":4,"2":2,"3":6,"4":2},"b":{}}
,"/home/bandreetto/clozee/clozee-api/test/given/cms.ts": {"path":"/home/bandreetto/clozee/clozee-api/test/given/cms.ts","statementMap":{"0":{"start":{"line":1,"column":0},"end":{"line":1,"column":26}},"1":{"start":{"line":3,"column":0},"end":{"line":3,"column":26}},"2":{"start":{"line":7,"column":0},"end":{"line":7,"column":59}},"3":{"start":{"line":10,"column":0},"end":{"line":10,"column":50}},"4":{"start":{"line":12,"column":0},"end":{"line":12,"column":38}},"5":{"start":{"line":26,"column":25},"end":{"line":26,"column":66}},"6":{"start":{"line":27,"column":19},"end":{"line":27,"column":45}},"7":{"start":{"line":28,"column":16},"end":{"line":28,"column":34}},"8":{"start":{"line":29,"column":31},"end":{"line":144,"column":6}},"9":{"start":{"line":32,"column":47},"end":{"line":32,"column":75}},"10":{"start":{"line":70,"column":47},"end":{"line":70,"column":75}},"11":{"start":{"line":108,"column":47},"end":{"line":108,"column":75}},"12":{"start":{"line":146,"column":4},"end":{"line":159,"column":6}},"13":{"start":{"line":160,"column":4},"end":{"line":170,"column":6}},"14":{"start":{"line":171,"column":4},"end":{"line":181,"column":6}},"15":{"start":{"line":182,"column":4},"end":{"line":192,"column":6}},"16":{"start":{"line":194,"column":4},"end":{"line":194,"column":18}},"17":{"start":{"line":198,"column":23},"end":{"line":198,"column":73}},"18":{"start":{"line":199,"column":34},"end":{"line":205,"column":7}},"19":{"start":{"line":199,"column":54},"end":{"line":204,"column":null}},"20":{"start":{"line":207,"column":4},"end":{"line":223,"column":6}},"21":{"start":{"line":210,"column":27},"end":{"line":210,"column":43}},"22":{"start":{"line":224,"column":27},"end":{"line":227,"column":7}},"23":{"start":{"line":224,"column":47},"end":{"line":226,"column":null}},"24":{"start":{"line":228,"column":4},"end":{"line":228,"column":40}},"25":{"start":{"line":230,"column":2},"end":{"line":233,"column":4}},"26":{"start":{"line":19,"column":0},"end":{"line":19,"column":16}}},"fnMap":{"0":{"name":"givenCmsFactory","decl":{"start":{"line":19,"column":16},"end":{"line":19,"column":31}},"loc":{"start":{"line":23,"column":24},"end":{"line":234,"column":1}}},"1":{"name":"withUpcomingEventsRegistered","decl":{"start":{"line":25,"column":17},"end":{"line":25,"column":45}},"loc":{"start":{"line":25,"column":45},"end":{"line":195,"column":3}}},"2":{"name":"(anonymous_3)","decl":{"start":{"line":32,"column":32},"end":{"line":32,"column":33}},"loc":{"start":{"line":32,"column":47},"end":{"line":32,"column":75}}},"3":{"name":"(anonymous_4)","decl":{"start":{"line":70,"column":32},"end":{"line":70,"column":33}},"loc":{"start":{"line":70,"column":47},"end":{"line":70,"column":75}}},"4":{"name":"(anonymous_5)","decl":{"start":{"line":108,"column":32},"end":{"line":108,"column":33}},"loc":{"start":{"line":108,"column":47},"end":{"line":108,"column":75}}},"5":{"name":"withExistingTrends","decl":{"start":{"line":197,"column":17},"end":{"line":197,"column":35}},"loc":{"start":{"line":197,"column":51},"end":{"line":229,"column":3}}},"6":{"name":"(anonymous_7)","decl":{"start":{"line":199,"column":45},"end":{"line":199,"column":50}},"loc":{"start":{"line":199,"column":54},"end":{"line":204,"column":null}}},"7":{"name":"(anonymous_8)","decl":{"start":{"line":210,"column":18},"end":{"line":210,"column":23}},"loc":{"start":{"line":210,"column":27},"end":{"line":210,"column":43}}},"8":{"name":"(anonymous_9)","decl":{"start":{"line":224,"column":38},"end":{"line":224,"column":43}},"loc":{"start":{"line":224,"column":47},"end":{"line":226,"column":null}}}},"branchMap":{},"s":{"0":4,"1":4,"2":4,"3":4,"4":4,"5":2,"6":2,"7":2,"8":2,"9":6,"10":6,"11":6,"12":2,"13":2,"14":2,"15":2,"16":2,"17":1,"18":1,"19":3,"20":1,"21":4,"22":1,"23":3,"24":1,"25":4,"26":4},"f":{"0":4,"1":2,"2":6,"3":6,"4":6,"5":1,"6":3,"7":4,"8":3},"b":{}}
,"/home/bandreetto/clozee/clozee-api/test/given/groups.ts": {"path":"/home/bandreetto/clozee/clozee-api/test/given/groups.ts","statementMap":{"0":{"start":{"line":1,"column":0},"end":{"line":1,"column":26}},"1":{"start":{"line":2,"column":0},"end":{"line":2,"column":26}},"2":{"start":{"line":14,"column":27},"end":{"line":14,"column":64}},"3":{"start":{"line":15,"column":25},"end":{"line":18,"column":6}},"4":{"start":{"line":20,"column":45},"end":{"line":24,"column":7}},"5":{"start":{"line":20,"column":77},"end":{"line":24,"column":6}},"6":{"start":{"line":26,"column":4},"end":{"line":26,"column":43}},"7":{"start":{"line":27,"column":4},"end":{"line":27,"column":62}},"8":{"start":{"line":29,"column":4},"end":{"line":32,"column":6}},"9":{"start":{"line":35,"column":2},"end":{"line":37,"column":4}},"10":{"start":{"line":12,"column":0},"end":{"line":12,"column":16}}},"fnMap":{"0":{"name":"givenGroupsFactory","decl":{"start":{"line":12,"column":16},"end":{"line":12,"column":34}},"loc":{"start":{"line":12,"column":87},"end":{"line":38,"column":1}}},"1":{"name":"oneGroupCreated","decl":{"start":{"line":13,"column":17},"end":{"line":13,"column":32}},"loc":{"start":{"line":13,"column":32},"end":{"line":33,"column":3}}},"2":{"name":"(anonymous_3)","decl":{"start":{"line":20,"column":64},"end":{"line":20,"column":65}},"loc":{"start":{"line":20,"column":77},"end":{"line":24,"column":6}}}},"branchMap":{},"s":{"0":4,"1":4,"2":2,"3":2,"4":2,"5":6,"6":2,"7":2,"8":2,"9":4,"10":4},"f":{"0":4,"1":2,"2":6},"b":{}}
,"/home/bandreetto/clozee/clozee-api/test/given/index.ts": {"path":"/home/bandreetto/clozee/clozee-api/test/given/index.ts","statementMap":{"0":{"start":{"line":1,"column":0},"end":{"line":1,"column":45}},"1":{"start":{"line":2,"column":0},"end":{"line":2,"column":41}},"2":{"start":{"line":4,"column":0},"end":{"line":4,"column":76}},"3":{"start":{"line":5,"column":0},"end":{"line":5,"column":68}},"4":{"start":{"line":6,"column":0},"end":{"line":6,"column":64}},"5":{"start":{"line":7,"column":0},"end":{"line":7,"column":61}},"6":{"start":{"line":8,"column":0},"end":{"line":8,"column":61}},"7":{"start":{"line":10,"column":0},"end":{"line":10,"column":71}},"8":{"start":{"line":11,"column":0},"end":{"line":11,"column":50}},"9":{"start":{"line":12,"column":0},"end":{"line":12,"column":59}},"10":{"start":{"line":13,"column":0},"end":{"line":13,"column":56}},"11":{"start":{"line":14,"column":0},"end":{"line":14,"column":56}},"12":{"start":{"line":25,"column":28},"end":{"line":25,"column":74}},"13":{"start":{"line":26,"column":26},"end":{"line":26,"column":67}},"14":{"start":{"line":28,"column":23},"end":{"line":28,"column":64}},"15":{"start":{"line":29,"column":21},"end":{"line":29,"column":60}},"16":{"start":{"line":30,"column":21},"end":{"line":30,"column":64}},"17":{"start":{"line":32,"column":24},"end":{"line":32,"column":66}},"18":{"start":{"line":33,"column":22},"end":{"line":33,"column":67}},"19":{"start":{"line":35,"column":23},"end":{"line":35,"column":64}},"20":{"start":{"line":36,"column":21},"end":{"line":36,"column":81}},"21":{"start":{"line":38,"column":27},"end":{"line":38,"column":67}},"22":{"start":{"line":39,"column":23},"end":{"line":39,"column":64}},"23":{"start":{"line":40,"column":19},"end":{"line":40,"column":89}},"24":{"start":{"line":42,"column":2},"end":{"line":48,"column":4}},"25":{"start":{"line":24,"column":0},"end":{"line":24,"column":7}}},"fnMap":{"0":{"name":"givenFactory","decl":{"start":{"line":24,"column":22},"end":{"line":24,"column":34}},"loc":{"start":{"line":24,"column":63},"end":{"line":49,"column":1}}}},"branchMap":{},"s":{"0":4,"1":4,"2":4,"3":4,"4":4,"5":4,"6":4,"7":4,"8":4,"9":4,"10":4,"11":4,"12":4,"13":4,"14":4,"15":4,"16":4,"17":4,"18":4,"19":4,"20":4,"21":4,"22":4,"23":4,"24":4,"25":4},"f":{"0":4},"b":{}}
,"/home/bandreetto/clozee/clozee-api/test/given/posts.ts": {"path":"/home/bandreetto/clozee/clozee-api/test/given/posts.ts","statementMap":{"0":{"start":{"line":3,"column":0},"end":{"line":3,"column":73}},"1":{"start":{"line":4,"column":0},"end":{"line":4,"column":26}},"2":{"start":{"line":7,"column":0},"end":{"line":7,"column":38}},"3":{"start":{"line":19,"column":17},"end":{"line":19,"column":61}},"4":{"start":{"line":20,"column":21},"end":{"line":20,"column":66}},"5":{"start":{"line":21,"column":26},"end":{"line":36,"column":null}},"6":{"start":{"line":25,"column":11},"end":{"line":36,"column":null}},"7":{"start":{"line":38,"column":25},"end":{"line":38,"column":82}},"8":{"start":{"line":38,"column":58},"end":{"line":38,"column":80}},"9":{"start":{"line":39,"column":4},"end":{"line":39,"column":24}},"10":{"start":{"line":41,"column":2},"end":{"line":43,"column":4}},"11":{"start":{"line":13,"column":0},"end":{"line":13,"column":16}}},"fnMap":{"0":{"name":"givenPostsFactory","decl":{"start":{"line":13,"column":16},"end":{"line":13,"column":33}},"loc":{"start":{"line":16,"column":34},"end":{"line":44,"column":1}}},"1":{"name":"somePostsSavedCreated","decl":{"start":{"line":18,"column":17},"end":{"line":18,"column":38}},"loc":{"start":{"line":18,"column":60},"end":{"line":40,"column":3}}},"2":{"name":"(anonymous_3)","decl":{"start":{"line":24,"column":8},"end":{"line":24,"column":11}},"loc":{"start":{"line":25,"column":11},"end":{"line":36,"column":null}}},"3":{"name":"(anonymous_4)","decl":{"start":{"line":38,"column":53},"end":{"line":38,"column":54}},"loc":{"start":{"line":38,"column":58},"end":{"line":38,"column":80}}}},"branchMap":{},"s":{"0":4,"1":4,"2":4,"3":2,"4":2,"5":2,"6":6,"7":2,"8":6,"9":2,"10":4,"11":4},"f":{"0":4,"1":2,"2":6,"3":6},"b":{}}
,"/home/bandreetto/clozee/clozee-api/test/given/users.ts": {"path":"/home/bandreetto/clozee/clozee-api/test/given/users.ts","statementMap":{"0":{"start":{"line":2,"column":0},"end":{"line":2,"column":26}},"1":{"start":{"line":3,"column":0},"end":{"line":3,"column":62}},"2":{"start":{"line":4,"column":0},"end":{"line":4,"column":59}},"3":{"start":{"line":16,"column":24},"end":{"line":16,"column":55}},"4":{"start":{"line":18,"column":4},"end":{"line":18,"column":23}},"5":{"start":{"line":22,"column":26},"end":{"line":40,"column":9}},"6":{"start":{"line":24,"column":18},"end":{"line":40,"column":8}},"7":{"start":{"line":42,"column":25},"end":{"line":42,"column":82}},"8":{"start":{"line":42,"column":58},"end":{"line":42,"column":80}},"9":{"start":{"line":44,"column":4},"end":{"line":44,"column":24}},"10":{"start":{"line":48,"column":18},"end":{"line":48,"column":51}},"11":{"start":{"line":50,"column":4},"end":{"line":50,"column":102}},"12":{"start":{"line":50,"column":26},"end":{"line":50,"column":100}},"13":{"start":{"line":53,"column":2},"end":{"line":57,"column":4}},"14":{"start":{"line":14,"column":0},"end":{"line":14,"column":16}}},"fnMap":{"0":{"name":"givenUsersFactory","decl":{"start":{"line":14,"column":16},"end":{"line":14,"column":33}},"loc":{"start":{"line":14,"column":84},"end":{"line":58,"column":1}}},"1":{"name":"oneUserSignedUp","decl":{"start":{"line":15,"column":17},"end":{"line":15,"column":32}},"loc":{"start":{"line":15,"column":43},"end":{"line":19,"column":3}}},"2":{"name":"someUsersSignedUp","decl":{"start":{"line":21,"column":17},"end":{"line":21,"column":34}},"loc":{"start":{"line":21,"column":51},"end":{"line":45,"column":3}}},"3":{"name":"(anonymous_4)","decl":{"start":{"line":24,"column":11},"end":{"line":24,"column":14}},"loc":{"start":{"line":24,"column":18},"end":{"line":40,"column":8}}},"4":{"name":"(anonymous_5)","decl":{"start":{"line":42,"column":53},"end":{"line":42,"column":54}},"loc":{"start":{"line":42,"column":58},"end":{"line":42,"column":80}}},"5":{"name":"someUsersLoggedIn","decl":{"start":{"line":47,"column":17},"end":{"line":47,"column":34}},"loc":{"start":{"line":47,"column":51},"end":{"line":51,"column":3}}},"6":{"name":"(anonymous_7)","decl":{"start":{"line":50,"column":21},"end":{"line":50,"column":22}},"loc":{"start":{"line":50,"column":26},"end":{"line":50,"column":100}}}},"branchMap":{},"s":{"0":4,"1":4,"2":4,"3":3,"4":3,"5":3,"6":9,"7":3,"8":9,"9":3,"10":3,"11":3,"12":9,"13":4,"14":4},"f":{"0":4,"1":3,"2":3,"3":9,"4":9,"5":3,"6":9},"b":{}}
,"/home/bandreetto/clozee/clozee-api/test/mocks/clock.service.ts": {"path":"/home/bandreetto/clozee/clozee-api/test/mocks/clock.service.ts","statementMap":{"0":{"start":{"line":4,"column":10},"end":{"line":4,"column":33}},"1":{"start":{"line":6,"column":4},"end":{"line":6,"column":26}},"2":{"start":{"line":3,"column":0},"end":{"line":3,"column":13}}},"fnMap":{"0":{"name":"(anonymous_0)","decl":{"start":{"line":3,"column":0},"end":{"line":3,"column":13}},"loc":{"start":{"line":3,"column":0},"end":{"line":8,"column":1}}},"1":{"name":"(anonymous_1)","decl":{"start":{"line":5,"column":2},"end":{"line":5,"column":5}},"loc":{"start":{"line":5,"column":5},"end":{"line":7,"column":3}}}},"branchMap":{},"s":{"0":1,"1":2,"2":4},"f":{"0":1,"1":2},"b":{}}
,"/home/bandreetto/clozee/clozee-api/test/mocks/http.service.ts": {"path":"/home/bandreetto/clozee/clozee-api/test/mocks/http.service.ts","statementMap":{"0":{"start":{"line":1,"column":0},"end":{"line":1,"column":45}},"1":{"start":{"line":3,"column":0},"end":{"line":3,"column":34}},"2":{"start":{"line":4,"column":0},"end":{"line":4,"column":31}},"3":{"start":{"line":5,"column":0},"end":{"line":5,"column":59}},"4":{"start":{"line":8,"column":2},"end":{"line":8,"column":61}},"5":{"start":{"line":21,"column":4},"end":{"line":21,"column":12}},"6":{"start":{"line":12,"column":2},"end":{"line":18,"column":4}},"7":{"start":{"line":23,"column":4},"end":{"line":26,"column":7}},"8":{"start":{"line":30,"column":4},"end":{"line":30,"column":47}},"9":{"start":{"line":34,"column":23},"end":{"line":34,"column":50}},"10":{"start":{"line":35,"column":4},"end":{"line":35,"column":38}},"11":{"start":{"line":38,"column":23},"end":{"line":38,"column":50}},"12":{"start":{"line":39,"column":21},"end":{"line":39,"column":47}},"13":{"start":{"line":40,"column":4},"end":{"line":42,"column":null}},"14":{"start":{"line":41,"column":6},"end":{"line":41,"column":107}},"15":{"start":{"line":43,"column":4},"end":{"line":46,"column":7}},"16":{"start":{"line":44,"column":6},"end":{"line":44,"column":32}},"17":{"start":{"line":45,"column":6},"end":{"line":45,"column":28}},"18":{"start":{"line":50,"column":4},"end":{"line":50,"column":47}},"19":{"start":{"line":53,"column":4},"end":{"line":53,"column":47}},"20":{"start":{"line":57,"column":23},"end":{"line":57,"column":56}},"21":{"start":{"line":58,"column":4},"end":{"line":58,"column":39}},"22":{"start":{"line":61,"column":23},"end":{"line":61,"column":56}},"23":{"start":{"line":62,"column":21},"end":{"line":62,"column":48}},"24":{"start":{"line":63,"column":4},"end":{"line":65,"column":null}},"25":{"start":{"line":64,"column":6},"end":{"line":64,"column":113}},"26":{"start":{"line":66,"column":4},"end":{"line":69,"column":7}},"27":{"start":{"line":67,"column":6},"end":{"line":67,"column":32}},"28":{"start":{"line":68,"column":6},"end":{"line":68,"column":28}},"29":{"start":{"line":73,"column":4},"end":{"line":73,"column":47}},"30":{"start":{"line":76,"column":4},"end":{"line":76,"column":47}},"31":{"start":{"line":79,"column":4},"end":{"line":79,"column":47}},"32":{"start":{"line":11,"column":0},"end":{"line":11,"column":13}}},"fnMap":{"0":{"name":"hashParams","decl":{"start":{"line":7,"column":9},"end":{"line":7,"column":19}},"loc":{"start":{"line":7,"column":31},"end":{"line":9,"column":1}}},"1":{"name":"(anonymous_2)","decl":{"start":{"line":20,"column":2},"end":{"line":20,"column":null}},"loc":{"start":{"line":20,"column":2},"end":{"line":27,"column":3}}},"2":{"name":"(anonymous_3)","decl":{"start":{"line":29,"column":2},"end":{"line":29,"column":9}},"loc":{"start":{"line":29,"column":46},"end":{"line":31,"column":3}}},"3":{"name":"(anonymous_4)","decl":{"start":{"line":33,"column":2},"end":{"line":33,"column":9}},"loc":{"start":{"line":33,"column":61},"end":{"line":36,"column":3}}},"4":{"name":"(anonymous_5)","decl":{"start":{"line":37,"column":2},"end":{"line":37,"column":5}},"loc":{"start":{"line":37,"column":55},"end":{"line":47,"column":3}}},"5":{"name":"(anonymous_6)","decl":{"start":{"line":43,"column":26},"end":{"line":43,"column":36}},"loc":{"start":{"line":43,"column":39},"end":{"line":46,"column":5}}},"6":{"name":"(anonymous_7)","decl":{"start":{"line":49,"column":2},"end":{"line":49,"column":8}},"loc":{"start":{"line":49,"column":60},"end":{"line":51,"column":3}}},"7":{"name":"(anonymous_8)","decl":{"start":{"line":52,"column":2},"end":{"line":52,"column":6}},"loc":{"start":{"line":52,"column":58},"end":{"line":54,"column":3}}},"8":{"name":"(anonymous_9)","decl":{"start":{"line":56,"column":2},"end":{"line":56,"column":10}},"loc":{"start":{"line":56,"column":74},"end":{"line":59,"column":3}}},"9":{"name":"(anonymous_10)","decl":{"start":{"line":60,"column":2},"end":{"line":60,"column":6}},"loc":{"start":{"line":60,"column":68},"end":{"line":70,"column":3}}},"10":{"name":"(anonymous_11)","decl":{"start":{"line":66,"column":26},"end":{"line":66,"column":36}},"loc":{"start":{"line":66,"column":39},"end":{"line":69,"column":5}}},"11":{"name":"(anonymous_12)","decl":{"start":{"line":72,"column":2},"end":{"line":72,"column":5}},"loc":{"start":{"line":72,"column":70},"end":{"line":74,"column":3}}},"12":{"name":"(anonymous_13)","decl":{"start":{"line":75,"column":2},"end":{"line":75,"column":7}},"loc":{"start":{"line":75,"column":72},"end":{"line":77,"column":3}}},"13":{"name":"(anonymous_14)","decl":{"start":{"line":78,"column":2},"end":{"line":78,"column":6}},"loc":{"start":{"line":78,"column":14},"end":{"line":80,"column":3}}}},"branchMap":{"0":{"loc":{"start":{"line":40,"column":4},"end":{"line":42,"column":null}},"type":"if","locations":[{"start":{"line":40,"column":4},"end":{"line":42,"column":null}},{"start":{"line":40,"column":4},"end":{"line":42,"column":null}}]},"1":{"loc":{"start":{"line":63,"column":4},"end":{"line":65,"column":null}},"type":"if","locations":[{"start":{"line":63,"column":4},"end":{"line":65,"column":null}},{"start":{"line":63,"column":4},"end":{"line":65,"column":null}}]}},"s":{"0":4,"1":4,"2":4,"3":4,"4":24,"5":4,"6":4,"7":4,"8":0,"9":9,"10":9,"11":7,"12":7,"13":7,"14":0,"15":7,"16":7,"17":7,"18":0,"19":0,"20":4,"21":4,"22":4,"23":4,"24":4,"25":0,"26":4,"27":4,"28":4,"29":0,"30":0,"31":0,"32":4},"f":{"0":24,"1":4,"2":0,"3":9,"4":7,"5":7,"6":0,"7":0,"8":4,"9":4,"10":4,"11":0,"12":0,"13":0},"b":{"0":[0,7],"1":[0,4]}}
,"/home/bandreetto/clozee/clozee-api/test/mocks/index.ts": {"path":"/home/bandreetto/clozee/clozee-api/test/mocks/index.ts","statementMap":{"0":{"start":{"line":1,"column":0},"end":{"line":1,"column":31}},"1":{"start":{"line":2,"column":0},"end":{"line":2,"column":32}},"2":{"start":{"line":3,"column":0},"end":{"line":3,"column":25}},"3":{"start":{"line":4,"column":0},"end":{"line":4,"column":24}}},"fnMap":{},"branchMap":{},"s":{"0":4,"1":4,"2":4,"3":4},"f":{},"b":{}}
,"/home/bandreetto/clozee/clozee-api/test/mocks/trends.ts": {"path":"/home/bandreetto/clozee/clozee-api/test/mocks/trends.ts","statementMap":{"0":{"start":{"line":1,"column":0},"end":{"line":1,"column":26}},"1":{"start":{"line":4,"column":13},"end":{"line":23,"column":2}}},"fnMap":{},"branchMap":{},"s":{"0":4,"1":4},"f":{},"b":{}}
,"/home/bandreetto/clozee/clozee-api/test/mocks/users.ts": {"path":"/home/bandreetto/clozee/clozee-api/test/mocks/users.ts","statementMap":{"0":{"start":{"line":1,"column":0},"end":{"line":1,"column":26}},"1":{"start":{"line":4,"column":13},"end":{"line":20,"column":2}},"2":{"start":{"line":22,"column":13},"end":{"line":24,"column":null}}},"fnMap":{},"branchMap":{},"s":{"0":4,"1":4,"2":4},"f":{},"b":{}}
}
