TN:
SF:test/given/categories.ts
FN:10,givenCategoriesFactory
FN:11,oneCategoryRegisteredFactory
FN:12,(anonymous_3)
FN:29,(anonymous_4)
FN:29,(anonymous_5)
FNF:5
FNH:5
FNDA:4,givenCategoriesFactory
FNDA:4,oneCategoryRegisteredFactory
FNDA:2,(anonymous_3)
FNDA:6,(anonymous_4)
FNDA:2,(anonymous_5)
DA:1,4
DA:10,4
DA:12,4
DA:13,2
DA:17,2
DA:22,2
DA:28,2
DA:29,6
DA:30,2
DA:34,4
DA:35,4
LF:11
LH:11
BRF:0
BRH:0
end_of_record
TN:
SF:test/given/cms.ts
FN:19,givenCmsFactory
FN:25,withUpcomingEventsRegistered
FN:32,(anonymous_3)
FN:70,(anonymous_4)
FN:108,(anonymous_5)
FN:197,withExistingTrends
FN:199,(anonymous_7)
FN:210,(anonymous_8)
FN:224,(anonymous_9)
FNF:9
FNH:9
FNDA:4,givenCmsFactory
FNDA:2,withUpcomingEventsRegistered
FNDA:6,(anonymous_3)
FNDA:6,(anonymous_4)
FNDA:6,(anonymous_5)
FNDA:1,withExistingTrends
FNDA:3,(anonymous_7)
FNDA:4,(anonymous_8)
FNDA:3,(anonymous_9)
DA:1,4
DA:3,4
DA:7,4
DA:10,4
DA:12,4
DA:19,4
DA:26,2
DA:27,2
DA:28,2
DA:29,2
DA:32,6
DA:70,6
DA:108,6
DA:146,2
DA:160,2
DA:171,2
DA:182,2
DA:194,2
DA:198,1
DA:199,3
DA:207,1
DA:210,4
DA:224,3
DA:228,1
DA:230,4
LF:25
LH:25
BRF:0
BRH:0
end_of_record
TN:
SF:test/given/groups.ts
FN:12,givenGroupsFactory
FN:13,oneGroupCreated
FN:20,(anonymous_3)
FNF:3
FNH:3
FNDA:4,givenGroupsFactory
FNDA:2,oneGroupCreated
FNDA:6,(anonymous_3)
DA:1,4
DA:2,4
DA:12,4
DA:14,2
DA:15,2
DA:20,6
DA:26,2
DA:27,2
DA:29,2
DA:35,4
LF:10
LH:10
BRF:0
BRH:0
end_of_record
TN:
SF:test/given/index.ts
FN:24,givenFactory
FNF:1
FNH:1
FNDA:4,givenFactory
DA:1,4
DA:2,4
DA:4,4
DA:5,4
DA:6,4
DA:7,4
DA:8,4
DA:10,4
DA:11,4
DA:12,4
DA:13,4
DA:14,4
DA:24,4
DA:25,4
DA:26,4
DA:28,4
DA:29,4
DA:30,4
DA:32,4
DA:33,4
DA:35,4
DA:36,4
DA:38,4
DA:39,4
DA:40,4
DA:42,4
LF:26
LH:26
BRF:0
BRH:0
end_of_record
TN:
SF:test/given/posts.ts
FN:13,givenPostsFactory
FN:18,somePostsSavedCreated
FN:24,(anonymous_3)
FN:38,(anonymous_4)
FNF:4
FNH:4
FNDA:4,givenPostsFactory
FNDA:2,somePostsSavedCreated
FNDA:6,(anonymous_3)
FNDA:6,(anonymous_4)
DA:3,4
DA:4,4
DA:7,4
DA:13,4
DA:19,2
DA:20,2
DA:21,2
DA:25,6
DA:38,6
DA:39,2
DA:41,4
LF:11
LH:11
BRF:0
BRH:0
end_of_record
TN:
SF:test/given/users.ts
FN:14,givenUsersFactory
FN:15,oneUserSignedUp
FN:21,someUsersSignedUp
FN:24,(anonymous_4)
FN:42,(anonymous_5)
FN:47,someUsersLoggedIn
FN:50,(anonymous_7)
FNF:7
FNH:7
FNDA:4,givenUsersFactory
FNDA:3,oneUserSignedUp
FNDA:3,someUsersSignedUp
FNDA:9,(anonymous_4)
FNDA:9,(anonymous_5)
FNDA:3,someUsersLoggedIn
FNDA:9,(anonymous_7)
DA:2,4
DA:3,4
DA:4,4
DA:14,4
DA:16,3
DA:18,3
DA:22,3
DA:24,9
DA:42,9
DA:44,3
DA:48,3
DA:50,9
DA:53,4
LF:13
LH:13
BRF:0
BRH:0
end_of_record
TN:
SF:test/mocks/clock.service.ts
FN:3,(anonymous_0)
FN:5,(anonymous_1)
FNF:2
FNH:2
FNDA:1,(anonymous_0)
FNDA:2,(anonymous_1)
DA:3,4
DA:4,1
DA:6,2
LF:3
LH:3
BRF:0
BRH:0
end_of_record
TN:
SF:test/mocks/http.service.ts
FN:7,hashParams
FN:20,(anonymous_2)
FN:29,(anonymous_3)
FN:33,(anonymous_4)
FN:37,(anonymous_5)
FN:43,(anonymous_6)
FN:49,(anonymous_7)
FN:52,(anonymous_8)
FN:56,(anonymous_9)
FN:60,(anonymous_10)
FN:66,(anonymous_11)
FN:72,(anonymous_12)
FN:75,(anonymous_13)
FN:78,(anonymous_14)
FNF:14
FNH:8
FNDA:24,hashParams
FNDA:4,(anonymous_2)
FNDA:0,(anonymous_3)
FNDA:9,(anonymous_4)
FNDA:7,(anonymous_5)
FNDA:7,(anonymous_6)
FNDA:0,(anonymous_7)
FNDA:0,(anonymous_8)
FNDA:4,(anonymous_9)
FNDA:4,(anonymous_10)
FNDA:4,(anonymous_11)
FNDA:0,(anonymous_12)
FNDA:0,(anonymous_13)
FNDA:0,(anonymous_14)
DA:1,4
DA:3,4
DA:4,4
DA:5,4
DA:8,24
DA:11,4
DA:12,4
DA:21,4
DA:23,4
DA:30,0
DA:34,9
DA:35,9
DA:38,7
DA:39,7
DA:40,7
DA:41,0
DA:43,7
DA:44,7
DA:45,7
DA:50,0
DA:53,0
DA:57,4
DA:58,4
DA:61,4
DA:62,4
DA:63,4
DA:64,0
DA:66,4
DA:67,4
DA:68,4
DA:73,0
DA:76,0
DA:79,0
LF:33
LH:25
BRDA:40,0,0,0
BRDA:40,0,1,7
BRDA:63,1,0,0
BRDA:63,1,1,4
BRF:4
BRH:2
end_of_record
TN:
SF:test/mocks/index.ts
FNF:0
FNH:0
DA:1,4
DA:2,4
DA:3,4
DA:4,4
LF:4
LH:4
BRF:0
BRH:0
end_of_record
TN:
SF:test/mocks/trends.ts
FNF:0
FNH:0
DA:1,4
DA:4,4
LF:2
LH:2
BRF:0
BRH:0
end_of_record
TN:
SF:test/mocks/users.ts
FNF:0
FNH:0
DA:1,4
DA:4,4
DA:22,4
LF:3
LH:3
BRF:0
BRH:0
end_of_record
